[INFO] Scanning for projects...
[INFO] 
[INFO] ------------------------< com.arun:addressbook >------------------------
[INFO] Building addressbook 1.0-SNAPSHOT
[INFO] --------------------------------[ war ]---------------------------------
[WARNING] The POM for com.sun.xml.bind:jaxb-core:jar:2.2.11 is invalid, transitive dependencies (if any) will not be available, enable debug logging for more details
[WARNING] The POM for com.sun.xml.bind:jaxb-impl:jar:2.2.11 is invalid, transitive dependencies (if any) will not be available, enable debug logging for more details
[INFO] 
[INFO] --- maven-clean-plugin:2.5:clean (default-clean) @ addressbook ---
[INFO] Deleting /home/ec2-user/wicketrepo/target
[INFO] 
[INFO] --- maven-resources-plugin:2.6:resources (default-resources) @ addressbook ---
[INFO] Using 'UTF-8' encoding to copy filtered resources.
[INFO] Copying 4 resources
[INFO] Copying 8 resources
[INFO] 
[INFO] --- maven-compiler-plugin:3.13.0:compile (default-compile) @ addressbook ---
[INFO] Recompiling the module because of changed source code.
[INFO] Compiling 10 source files with javac [debug deprecation release 21] to target/classes
[INFO] Annotation processing is enabled because one or more processors were found
  on the class path. A future release of javac may disable annotation processing
  unless at least one processor is specified by name (-processor), or a search
  path is specified (--processor-path, --processor-module-path), or annotation
  processing is enabled explicitly (-proc:only, -proc:full).
  Use -Xlint:-options to suppress this message.
  Use -proc:none to disable annotation processing.
[INFO] /home/ec2-user/wicketrepo/src/main/java/com/arun/contacts/ContactPage.java: Some input files use unchecked or unsafe operations.
[INFO] /home/ec2-user/wicketrepo/src/main/java/com/arun/contacts/ContactPage.java: Recompile with -Xlint:unchecked for details.
[INFO] ------------------------------------------------------------------------
[INFO] BUILD SUCCESS
[INFO] ------------------------------------------------------------------------
[INFO] Total time:  3.051 s
[INFO] Finished at: 2026-03-03T12:40:14Z
[INFO] ------------------------------------------------------------------------
