[INFO] Scanning for projects...
[INFO] 
[INFO] ------------------------< com.arun:addressbook >------------------------
[INFO] Building addressbook 1.0-SNAPSHOT
[INFO] --------------------------------[ war ]---------------------------------
[INFO] 
[INFO] >>> jetty-maven-plugin:9.2.19.v20160908:run (default-cli) > test-compile @ addressbook >>>
[INFO] 
[INFO] --- maven-resources-plugin:2.6:resources (default-resources) @ addressbook ---
[INFO] Using 'UTF-8' encoding to copy filtered resources.
[INFO] Copying 4 resources
[INFO] Copying 8 resources
[INFO] 
[INFO] --- maven-compiler-plugin:3.1:compile (default-compile) @ addressbook ---
[INFO] Nothing to compile - all classes are up to date
[INFO] 
[INFO] --- maven-resources-plugin:2.6:testResources (default-testResources) @ addressbook ---
[INFO] Using 'UTF-8' encoding to copy filtered resources.
[INFO] Copying 1 resource
[INFO] Copying 0 resource
[INFO] 
[INFO] --- maven-compiler-plugin:3.1:testCompile (default-testCompile) @ addressbook ---
[INFO] Nothing to compile - all classes are up to date
[INFO] 
[INFO] <<< jetty-maven-plugin:9.2.19.v20160908:run (default-cli) < test-compile @ addressbook <<<
[INFO] 
[INFO] 
[INFO] --- jetty-maven-plugin:9.2.19.v20160908:run (default-cli) @ addressbook ---
[INFO] Logging initialized @2426ms
[INFO] Configuring Jetty for project: addressbook
[INFO] webAppSourceDirectory not set. Trying src/main/webapp
[INFO] Reload Mechanic: automatic
[INFO] Classes = /home/ec2-user/wicketrepo/target/classes
[INFO] Configuring Jetty from xml configuration file = /home/ec2-user/wicketrepo/src/test/jetty/jetty.xml
[INFO] Configuring Jetty from xml configuration file = /home/ec2-user/wicketrepo/src/test/jetty/jetty-ssl.xml
[INFO] Configuring Jetty from xml configuration file = /home/ec2-user/wicketrepo/src/test/jetty/jetty-http.xml
[INFO] Configuring Jetty from xml configuration file = /home/ec2-user/wicketrepo/src/test/jetty/jetty-https.xml
[INFO] Context path = /
[INFO] Tmp directory = /home/ec2-user/wicketrepo/target/tmp
[INFO] Web defaults = org/eclipse/jetty/webapp/webdefault.xml
[INFO] Web overrides =  none
[INFO] web.xml file = file:/home/ec2-user/wicketrepo/src/main/webapp/WEB-INF/web.xml
[INFO] Webapp directory = /home/ec2-user/wicketrepo/src/main/webapp
[INFO] jetty-9.2.19.v20160908
********************************************************************
*** WARNING: Wicket is running in DEVELOPMENT mode.              ***
***                               ^^^^^^^^^^^                    ***
*** Do NOT deploy to your live server(s) without changing this.  ***
*** See Application#getConfigurationType() for more information. ***
********************************************************************
[INFO] Started o.e.j.m.p.JettyWebAppContext@3c6aa04a{/,file:/home/ec2-user/wicketrepo/src/main/webapp/,AVAILABLE}{file:/home/ec2-user/wicketrepo/src/main/webapp/}
[WARNING] !RequestLog
[INFO] Started ServerConnector@2e5b7fba{HTTP/1.1}{0.0.0.0:8080}
[INFO] Started ServerConnector@6c6017b9{SSL-http/1.1}{0.0.0.0:8443}
[INFO] Started @6240ms
[INFO] Started Jetty Server
215408 [WARN] pooling: HHH10001002: Using Hibernate built-in connection pool (not for production use!)
Hibernate: 
    select
        hbusersent0_.iduser as iduser1_1_,
        hbusersent0_.username as username2_1_,
        hbusersent0_.userpass as userpass3_1_,
        hbusersent0_.useremail as useremai4_1_ 
    from
        users hbusersent0_ 
    where
        hbusersent0_.username=?
Hibernate: 
    select
        hbcontacts0_.idcontact as idcontac1_0_,
        hbcontacts0_.iduser as iduser2_0_,
        hbcontacts0_.contact_name as contact_3_0_,
        hbcontacts0_.contact_email as contact_4_0_,
        hbcontacts0_.contact_phone as contact_5_0_,
        hbcontacts0_.contact_address as contact_6_0_ 
    from
        contacts hbcontacts0_ 
    where
        hbcontacts0_.iduser=?
216970 [WARN] PackageResource: resource [path = com/arun/contacts/signout_new.jpg, style = null, variation = null, locale = en_IN]: Unable to find resource (status=404)
270017 [WARN] PackageResource: resource [path = com/arun/contacts/signout_new.jpg, style = null, variation = null, locale = en_IN]: Unable to find resource (status=404)
Hibernate: 
    select
        hbcontacts_.idcontact,
        hbcontacts_.iduser as iduser2_0_,
        hbcontacts_.contact_name as contact_3_0_,
        hbcontacts_.contact_email as contact_4_0_,
        hbcontacts_.contact_phone as contact_5_0_,
        hbcontacts_.contact_address as contact_6_0_ 
    from
        contacts hbcontacts_ 
    where
        hbcontacts_.idcontact=?
Hibernate: 
    update
        contacts 
    set
        iduser=?,
        contact_name=?,
        contact_email=?,
        contact_phone=?,
        contact_address=? 
    where
        idcontact=?
Hibernate: 
    select
        hbcontacts0_.idcontact as idcontac1_0_,
        hbcontacts0_.iduser as iduser2_0_,
        hbcontacts0_.contact_name as contact_3_0_,
        hbcontacts0_.contact_email as contact_4_0_,
        hbcontacts0_.contact_phone as contact_5_0_,
        hbcontacts0_.contact_address as contact_6_0_ 
    from
        contacts hbcontacts0_ 
    where
        hbcontacts0_.iduser=?
276463 [WARN] PackageResource: resource [path = com/arun/contacts/signout_new.jpg, style = null, variation = null, locale = en_IN]: Unable to find resource (status=404)
282788 [WARN] PackageResource: resource [path = com/arun/contacts/signout_new.jpg, style = null, variation = null, locale = en_IN]: Unable to find resource (status=404)
Hibernate: 
    select
        hbcontacts_.idcontact,
        hbcontacts_.iduser as iduser2_0_,
        hbcontacts_.contact_name as contact_3_0_,
        hbcontacts_.contact_email as contact_4_0_,
        hbcontacts_.contact_phone as contact_5_0_,
        hbcontacts_.contact_address as contact_6_0_ 
    from
        contacts hbcontacts_ 
    where
        hbcontacts_.idcontact=?
Hibernate: 
    insert 
    into
        contacts
        (iduser, contact_name, contact_email, contact_phone, contact_address, idcontact) 
    values
        (?, ?, ?, ?, ?, ?)
Hibernate: 
    select
        hbcontacts0_.idcontact as idcontac1_0_,
        hbcontacts0_.iduser as iduser2_0_,
        hbcontacts0_.contact_name as contact_3_0_,
        hbcontacts0_.contact_email as contact_4_0_,
        hbcontacts0_.contact_phone as contact_5_0_,
        hbcontacts0_.contact_address as contact_6_0_ 
    from
        contacts hbcontacts0_ 
    where
        hbcontacts0_.iduser=?
311958 [WARN] PackageResource: resource [path = com/arun/contacts/signout_new.jpg, style = null, variation = null, locale = en_IN]: Unable to find resource (status=404)
317433 [WARN] PackageResource: resource [path = com/arun/contacts/signout_new.jpg, style = null, variation = null, locale = en_IN]: Unable to find resource (status=404)
319189 [WARN] PackageResource: resource [path = com/arun/contacts/signout_new.jpg, style = null, variation = null, locale = en_IN]: Unable to find resource (status=404)
321533 [WARN] PackageResource: resource [path = com/arun/contacts/signout_new.jpg, style = null, variation = null, locale = en_IN]: Unable to find resource (status=404)
326301 [WARN] PackageResource: resource [path = com/arun/contacts/signout_new.jpg, style = null, variation = null, locale = en_IN]: Unable to find resource (status=404)
Hibernate: 
    select
        hbcontacts_.idcontact,
        hbcontacts_.iduser as iduser2_0_,
        hbcontacts_.contact_name as contact_3_0_,
        hbcontacts_.contact_email as contact_4_0_,
        hbcontacts_.contact_phone as contact_5_0_,
        hbcontacts_.contact_address as contact_6_0_ 
    from
        contacts hbcontacts_ 
    where
        hbcontacts_.idcontact=?
Hibernate: 
    update
        contacts 
    set
        iduser=?,
        contact_name=?,
        contact_email=?,
        contact_phone=?,
        contact_address=? 
    where
        idcontact=?
Hibernate: 
    select
        hbcontacts0_.idcontact as idcontac1_0_,
        hbcontacts0_.iduser as iduser2_0_,
        hbcontacts0_.contact_name as contact_3_0_,
        hbcontacts0_.contact_email as contact_4_0_,
        hbcontacts0_.contact_phone as contact_5_0_,
        hbcontacts0_.contact_address as contact_6_0_ 
    from
        contacts hbcontacts0_ 
    where
        hbcontacts0_.iduser=?
349840 [WARN] PackageResource: resource [path = com/arun/contacts/signout_new.jpg, style = null, variation = null, locale = en_IN]: Unable to find resource (status=404)
352557 [WARN] PackageResource: resource [path = com/arun/contacts/signout_new.jpg, style = null, variation = null, locale = en_IN]: Unable to find resource (status=404)
354060 [WARN] PackageResource: resource [path = com/arun/contacts/signout_new.jpg, style = null, variation = null, locale = en_IN]: Unable to find resource (status=404)
357530 [WARN] PackageResource: resource [path = com/arun/contacts/signout_new.jpg, style = null, variation = null, locale = en_IN]: Unable to find resource (status=404)
Hibernate: 
    select
        hbcontacts_.idcontact,
        hbcontacts_.iduser as iduser2_0_,
        hbcontacts_.contact_name as contact_3_0_,
        hbcontacts_.contact_email as contact_4_0_,
        hbcontacts_.contact_phone as contact_5_0_,
        hbcontacts_.contact_address as contact_6_0_ 
    from
        contacts hbcontacts_ 
    where
        hbcontacts_.idcontact=?
Hibernate: 
    update
        contacts 
    set
        iduser=?,
        contact_name=?,
        contact_email=?,
        contact_phone=?,
        contact_address=? 
    where
        idcontact=?
Hibernate: 
    select
        hbcontacts0_.idcontact as idcontac1_0_,
        hbcontacts0_.iduser as iduser2_0_,
        hbcontacts0_.contact_name as contact_3_0_,
        hbcontacts0_.contact_email as contact_4_0_,
        hbcontacts0_.contact_phone as contact_5_0_,
        hbcontacts0_.contact_address as contact_6_0_ 
    from
        contacts hbcontacts0_ 
    where
        hbcontacts0_.iduser=?
370578 [WARN] PackageResource: resource [path = com/arun/contacts/signout_new.jpg, style = null, variation = null, locale = en_IN]: Unable to find resource (status=404)
373490 [WARN] PackageResource: resource [path = com/arun/contacts/signout_new.jpg, style = null, variation = null, locale = en_IN]: Unable to find resource (status=404)
375442 [WARN] PackageResource: resource [path = com/arun/contacts/signout_new.jpg, style = null, variation = null, locale = en_IN]: Unable to find resource (status=404)
Hibernate: 
    select
        hbusersent0_.iduser as iduser1_1_,
        hbusersent0_.username as username2_1_,
        hbusersent0_.userpass as userpass3_1_,
        hbusersent0_.useremail as useremai4_1_ 
    from
        users hbusersent0_ 
    where
        hbusersent0_.username=?
Hibernate: 
    select
        hbcontacts0_.idcontact as idcontac1_0_,
        hbcontacts0_.iduser as iduser2_0_,
        hbcontacts0_.contact_name as contact_3_0_,
        hbcontacts0_.contact_email as contact_4_0_,
        hbcontacts0_.contact_phone as contact_5_0_,
        hbcontacts0_.contact_address as contact_6_0_ 
    from
        contacts hbcontacts0_ 
    where
        hbcontacts0_.iduser=?
425327 [WARN] PackageResource: resource [path = com/arun/contacts/signout_new.jpg, style = null, variation = null, locale = en_IN]: Unable to find resource (status=404)
433769 [WARN] PackageResource: resource [path = com/arun/contacts/signout_new.jpg, style = null, variation = null, locale = en_IN]: Unable to find resource (status=404)
435983 [WARN] PackageResource: resource [path = com/arun/contacts/signout_new.jpg, style = null, variation = null, locale = en_IN]: Unable to find resource (status=404)
Hibernate: 
    select
        hbcontacts_.idcontact,
        hbcontacts_.iduser as iduser2_0_,
        hbcontacts_.contact_name as contact_3_0_,
        hbcontacts_.contact_email as contact_4_0_,
        hbcontacts_.contact_phone as contact_5_0_,
        hbcontacts_.contact_address as contact_6_0_ 
    from
        contacts hbcontacts_ 
    where
        hbcontacts_.idcontact=?
Hibernate: 
    update
        contacts 
    set
        iduser=?,
        contact_name=?,
        contact_email=?,
        contact_phone=?,
        contact_address=? 
    where
        idcontact=?
Hibernate: 
    select
        hbcontacts0_.idcontact as idcontac1_0_,
        hbcontacts0_.iduser as iduser2_0_,
        hbcontacts0_.contact_name as contact_3_0_,
        hbcontacts0_.contact_email as contact_4_0_,
        hbcontacts0_.contact_phone as contact_5_0_,
        hbcontacts0_.contact_address as contact_6_0_ 
    from
        contacts hbcontacts0_ 
    where
        hbcontacts0_.iduser=?
Hibernate: 
    select
        hbcontacts_.idcontact,
        hbcontacts_.iduser as iduser2_0_,
        hbcontacts_.contact_name as contact_3_0_,
        hbcontacts_.contact_email as contact_4_0_,
        hbcontacts_.contact_phone as contact_5_0_,
        hbcontacts_.contact_address as contact_6_0_ 
    from
        contacts hbcontacts_ 
    where
        hbcontacts_.idcontact=?
Hibernate: 
    select
        hbcontacts0_.idcontact as idcontac1_0_,
        hbcontacts0_.iduser as iduser2_0_,
        hbcontacts0_.contact_name as contact_3_0_,
        hbcontacts0_.contact_email as contact_4_0_,
        hbcontacts0_.contact_phone as contact_5_0_,
        hbcontacts0_.contact_address as contact_6_0_ 
    from
        contacts hbcontacts0_ 
    where
        hbcontacts0_.iduser=?
444191 [WARN] PackageResource: resource [path = com/arun/contacts/signout_new.jpg, style = null, variation = null, locale = en_IN]: Unable to find resource (status=404)
447460 [WARN] PackageResource: resource [path = com/arun/contacts/signout_new.jpg, style = null, variation = null, locale = en_IN]: Unable to find resource (status=404)
451692 [WARN] PackageResource: resource [path = com/arun/contacts/signout_new.jpg, style = null, variation = null, locale = en_IN]: Unable to find resource (status=404)
510815 [WARN] PackageResource: resource [path = com/arun/contacts/signout_new.jpg, style = null, variation = null, locale = en_IN]: Unable to find resource (status=404)
515141 [WARN] PackageResource: resource [path = com/arun/contacts/signout_new.jpg, style = null, variation = null, locale = en_IN]: Unable to find resource (status=404)
Hibernate: 
    select
        hbcontacts_.idcontact,
        hbcontacts_.iduser as iduser2_0_,
        hbcontacts_.contact_name as contact_3_0_,
        hbcontacts_.contact_email as contact_4_0_,
        hbcontacts_.contact_phone as contact_5_0_,
        hbcontacts_.contact_address as contact_6_0_ 
    from
        contacts hbcontacts_ 
    where
        hbcontacts_.idcontact=?
Hibernate: 
    update
        contacts 
    set
        iduser=?,
        contact_name=?,
        contact_email=?,
        contact_phone=?,
        contact_address=? 
    where
        idcontact=?
Hibernate: 
    select
        hbcontacts0_.idcontact as idcontac1_0_,
        hbcontacts0_.iduser as iduser2_0_,
        hbcontacts0_.contact_name as contact_3_0_,
        hbcontacts0_.contact_email as contact_4_0_,
        hbcontacts0_.contact_phone as contact_5_0_,
        hbcontacts0_.contact_address as contact_6_0_ 
    from
        contacts hbcontacts0_ 
    where
        hbcontacts0_.iduser=?
520351 [WARN] PackageResource: resource [path = com/arun/contacts/signout_new.jpg, style = null, variation = null, locale = en_IN]: Unable to find resource (status=404)
Hibernate: 
    select
        hbusersent0_.iduser as iduser1_1_,
        hbusersent0_.username as username2_1_,
        hbusersent0_.userpass as userpass3_1_,
        hbusersent0_.useremail as useremai4_1_ 
    from
        users hbusersent0_ 
    where
        hbusersent0_.username=?
Hibernate: 
    select
        hbcontacts0_.idcontact as idcontac1_0_,
        hbcontacts0_.iduser as iduser2_0_,
        hbcontacts0_.contact_name as contact_3_0_,
        hbcontacts0_.contact_email as contact_4_0_,
        hbcontacts0_.contact_phone as contact_5_0_,
        hbcontacts0_.contact_address as contact_6_0_ 
    from
        contacts hbcontacts0_ 
    where
        hbcontacts0_.iduser=?
568743 [WARN] PackageResource: resource [path = com/arun/contacts/signout_new.jpg, style = null, variation = null, locale = en_IN]: Unable to find resource (status=404)
574821 [WARN] PackageResource: resource [path = com/arun/contacts/signout_new.jpg, style = null, variation = null, locale = en_IN]: Unable to find resource (status=404)
Hibernate: 
    select
        hbcontacts_.idcontact,
        hbcontacts_.iduser as iduser2_0_,
        hbcontacts_.contact_name as contact_3_0_,
        hbcontacts_.contact_email as contact_4_0_,
        hbcontacts_.contact_phone as contact_5_0_,
        hbcontacts_.contact_address as contact_6_0_ 
    from
        contacts hbcontacts_ 
    where
        hbcontacts_.idcontact=?
Hibernate: 
    update
        contacts 
    set
        iduser=?,
        contact_name=?,
        contact_email=?,
        contact_phone=?,
        contact_address=? 
    where
        idcontact=?
Hibernate: 
    select
        hbcontacts0_.idcontact as idcontac1_0_,
        hbcontacts0_.iduser as iduser2_0_,
        hbcontacts0_.contact_name as contact_3_0_,
        hbcontacts0_.contact_email as contact_4_0_,
        hbcontacts0_.contact_phone as contact_5_0_,
        hbcontacts0_.contact_address as contact_6_0_ 
    from
        contacts hbcontacts0_ 
    where
        hbcontacts0_.iduser=?
583557 [WARN] PackageResource: resource [path = com/arun/contacts/signout_new.jpg, style = null, variation = null, locale = en_IN]: Unable to find resource (status=404)
587101 [WARN] PackageResource: resource [path = com/arun/contacts/signout_new.jpg, style = null, variation = null, locale = en_IN]: Unable to find resource (status=404)
Hibernate: 
    select
        hbcontacts0_.idcontact as idcontac1_0_0_,
        hbcontacts0_.iduser as iduser2_0_0_,
        hbcontacts0_.contact_name as contact_3_0_0_,
        hbcontacts0_.contact_email as contact_4_0_0_,
        hbcontacts0_.contact_phone as contact_5_0_0_,
        hbcontacts0_.contact_address as contact_6_0_0_ 
    from
        contacts hbcontacts0_ 
    where
        hbcontacts0_.idcontact=?
Hibernate: 
    delete 
    from
        contacts 
    where
        idcontact=?
Hibernate: 
    select
        hbcontacts0_.idcontact as idcontac1_0_,
        hbcontacts0_.iduser as iduser2_0_,
        hbcontacts0_.contact_name as contact_3_0_,
        hbcontacts0_.contact_email as contact_4_0_,
        hbcontacts0_.contact_phone as contact_5_0_,
        hbcontacts0_.contact_address as contact_6_0_ 
    from
        contacts hbcontacts0_ 
    where
        hbcontacts0_.iduser=?
593470 [WARN] PackageResource: resource [path = com/arun/contacts/signout_new.jpg, style = null, variation = null, locale = en_IN]: Unable to find resource (status=404)
597566 [WARN] PackageResource: resource [path = com/arun/contacts/signout_new.jpg, style = null, variation = null, locale = en_IN]: Unable to find resource (status=404)
602526 [WARN] PackageResource: resource [path = com/arun/contacts/signout_new.jpg, style = null, variation = null, locale = en_IN]: Unable to find resource (status=404)
